[2021-12-09 02:55:41] local.ERROR: filemtime(): stat failed for C:\Users\user\Downloads\perfectwheels\laravel\.env {"exception":"[object] (ErrorException(code: 0): filemtime(): stat failed for C:\\Users\\user\\Downloads\\perfectwheels\\laravel\\.env at C:\\Users\\user\\Downloads\\perfectwheels\\laravel\\vendor\\laravel\\framework\\src\\Illuminate\\Foundation\\Console\\ServeCommand.php:66)
[stacktrace]
#0 [internal function]: Illuminate\\Foundation\\Bootstrap\\HandleExceptions->handleError(2, 'filemtime(): st...', 'C:\\\\Users\\\\user\\\\D...', 66, Array)
#1 C:\\Users\\user\\Downloads\\perfectwheels\\laravel\\vendor\\laravel\\framework\\src\\Illuminate\\Foundation\\Console\\ServeCommand.php(66): filemtime('C:\\\\Users\\\\user\\\\D...')
#2 C:\\Users\\user\\Downloads\\perfectwheels\\laravel\\vendor\\laravel\\framework\\src\\Illuminate\\Container\\BoundMethod.php(36): Illuminate\\Foundation\\Console\\ServeCommand->handle()
#3 C:\\Users\\user\\Downloads\\perfectwheels\\laravel\\vendor\\laravel\\framework\\src\\Illuminate\\Container\\Util.php(40): Illuminate\\Container\\BoundMethod::Illuminate\\Container\\{closure}()
#4 C:\\Users\\user\\Downloads\\perfectwheels\\laravel\\vendor\\laravel\\framework\\src\\Illuminate\\Container\\BoundMethod.php(93): Illuminate\\Container\\Util::unwrapIfClosure(Object(Closure))
#5 C:\\Users\\user\\Downloads\\perfectwheels\\laravel\\vendor\\laravel\\framework\\src\\Illuminate\\Container\\BoundMethod.php(37): Illuminate\\Container\\BoundMethod::callBoundMethod(Object(Illuminate\\Foundation\\Application), Array, Object(Closure))
#6 C:\\Users\\user\\Downloads\\perfectwheels\\laravel\\vendor\\laravel\\framework\\src\\Illuminate\\Container\\Container.php(653): Illuminate\\Container\\BoundMethod::call(Object(Illuminate\\Foundation\\Application), Array, Array, NULL)
#7 C:\\Users\\user\\Downloads\\perfectwheels\\laravel\\vendor\\laravel\\framework\\src\\Illuminate\\Console\\Command.php(136): Illuminate\\Container\\Container->call(Array)
#8 C:\\Users\\user\\Downloads\\perfectwheels\\laravel\\vendor\\symfony\\console\\Command\\Command.php(298): Illuminate\\Console\\Command->execute(Object(Symfony\\Component\\Console\\Input\\ArgvInput), Object(Illuminate\\Console\\OutputStyle))
#9 C:\\Users\\user\\Downloads\\perfectwheels\\laravel\\vendor\\laravel\\framework\\src\\Illuminate\\Console\\Command.php(121): Symfony\\Component\\Console\\Command\\Command->run(Object(Symfony\\Component\\Console\\Input\\ArgvInput), Object(Illuminate\\Console\\OutputStyle))
#10 C:\\Users\\user\\Downloads\\perfectwheels\\laravel\\vendor\\symfony\\console\\Application.php(1005): Illuminate\\Console\\Command->run(Object(Symfony\\Component\\Console\\Input\\ArgvInput), Object(Symfony\\Component\\Console\\Output\\ConsoleOutput))
#11 C:\\Users\\user\\Downloads\\perfectwheels\\laravel\\vendor\\symfony\\console\\Application.php(299): Symfony\\Component\\Console\\Application->doRunCommand(Object(Illuminate\\Foundation\\Console\\ServeCommand), Object(Symfony\\Component\\Console\\Input\\ArgvInput), Object(Symfony\\Component\\Console\\Output\\ConsoleOutput))
#12 C:\\Users\\user\\Downloads\\perfectwheels\\laravel\\vendor\\symfony\\console\\Application.php(171): Symfony\\Component\\Console\\Application->doRun(Object(Symfony\\Component\\Console\\Input\\ArgvInput), Object(Symfony\\Component\\Console\\Output\\ConsoleOutput))
#13 C:\\Users\\user\\Downloads\\perfectwheels\\laravel\\vendor\\laravel\\framework\\src\\Illuminate\\Console\\Application.php(94): Symfony\\Component\\Console\\Application->run(Object(Symfony\\Component\\Console\\Input\\ArgvInput), Object(Symfony\\Component\\Console\\Output\\ConsoleOutput))
#14 C:\\Users\\user\\Downloads\\perfectwheels\\laravel\\vendor\\laravel\\framework\\src\\Illuminate\\Foundation\\Console\\Kernel.php(129): Illuminate\\Console\\Application->run(Object(Symfony\\Component\\Console\\Input\\ArgvInput), Object(Symfony\\Component\\Console\\Output\\ConsoleOutput))
#15 C:\\Users\\user\\Downloads\\perfectwheels\\laravel\\artisan(37): Illuminate\\Foundation\\Console\\Kernel->handle(Object(Symfony\\Component\\Console\\Input\\ArgvInput), Object(Symfony\\Component\\Console\\Output\\ConsoleOutput))
#16 {main}
"} 
[2021-12-09 02:55:41] local.ERROR: include(C:\Users\user\Downloads\perfectwheels\laravel\vendor\composer/../filp/whoops/src/Whoops/Handler/Handler.php): failed to open stream: No such file or directory {"exception":"[object] (ErrorException(code: 0): include(C:\\Users\\user\\Downloads\\perfectwheels\\laravel\\vendor\\composer/../filp/whoops/src/Whoops/Handler/Handler.php): failed to open stream: No such file or directory at C:\\Users\\user\\Downloads\\perfectwheels\\laravel\\vendor\\composer\\ClassLoader.php:571)
[stacktrace]
#0 C:\\Users\\user\\Downloads\\perfectwheels\\laravel\\vendor\\composer\\ClassLoader.php(571): Illuminate\\Foundation\\Bootstrap\\HandleExceptions->handleError(2, 'include(C:\\\\User...', 'C:\\\\Users\\\\user\\\\D...', 571, Array)
#1 C:\\Users\\user\\Downloads\\perfectwheels\\laravel\\vendor\\composer\\ClassLoader.php(571): include()
#2 C:\\Users\\user\\Downloads\\perfectwheels\\laravel\\vendor\\composer\\ClassLoader.php(428): Composer\\Autoload\\includeFile('C:\\\\Users\\\\user\\\\D...')
#3 [internal function]: Composer\\Autoload\\ClassLoader->loadClass('Whoops\\\\Handler\\\\...')
#4 C:\\Users\\user\\Downloads\\perfectwheels\\laravel\\vendor\
unomaduro\\collision\\src\\Handler.php(17): spl_autoload_call('Whoops\\\\Handler\\\\...')
#5 C:\\Users\\user\\Downloads\\perfectwheels\\laravel\\vendor\\composer\\ClassLoader.php(571): include('C:\\\\Users\\\\user\\\\D...')
#6 C:\\Users\\user\\Downloads\\perfectwheels\\laravel\\vendor\\composer\\ClassLoader.php(428): Composer\\Autoload\\includeFile('C:\\\\Users\\\\user\\\\D...')
#7 [internal function]: Composer\\Autoload\\ClassLoader->loadClass('NunoMaduro\\\\Coll...')
#8 C:\\Users\\user\\Downloads\\perfectwheels\\laravel\\vendor\
unomaduro\\collision\\src\\Adapters\\Laravel\\CollisionServiceProvider.php(58): spl_autoload_call('NunoMaduro\\\\Coll...')
#9 C:\\Users\\user\\Downloads\\perfectwheels\\laravel\\vendor\\laravel\\framework\\src\\Illuminate\\Container\\Container.php(873): NunoMaduro\\Collision\\Adapters\\Laravel\\CollisionServiceProvider->NunoMaduro\\Collision\\Adapters\\Laravel\\{closure}(Object(Illuminate\\Foundation\\Application), Array)
#10 C:\\Users\\user\\Downloads\\perfectwheels\\laravel\\vendor\\laravel\\framework\\src\\Illuminate\\Container\\Container.php(758): Illuminate\\Container\\Container->build(Object(Closure))
#11 C:\\Users\\user\\Downloads\\perfectwheels\\laravel\\vendor\\laravel\\framework\\src\\Illuminate\\Foundation\\Application.php(851): Illuminate\\Container\\Container->resolve('NunoMaduro\\\\Coll...', Array, true)
#12 C:\\Users\\user\\Downloads\\perfectwheels\\laravel\\vendor\\laravel\\framework\\src\\Illuminate\\Container\\Container.php(694): Illuminate\\Foundation\\Application->resolve('NunoMaduro\\\\Coll...', Array)
#13 C:\\Users\\user\\Downloads\\perfectwheels\\laravel\\vendor\\laravel\\framework\\src\\Illuminate\\Foundation\\Application.php(836): Illuminate\\Container\\Container->make('NunoMaduro\\\\Coll...', Array)
#14 C:\\Users\\user\\Downloads\\perfectwheels\\laravel\\vendor\
unomaduro\\collision\\src\\Adapters\\Laravel\\ExceptionHandler.php(65): Illuminate\\Foundation\\Application->make('NunoMaduro\\\\Coll...')
#15 C:\\Users\\user\\Downloads\\perfectwheels\\laravel\\vendor\\laravel\\framework\\src\\Illuminate\\Foundation\\Console\\Kernel.php(378): NunoMaduro\\Collision\\Adapters\\Laravel\\ExceptionHandler->renderForConsole(Object(Symfony\\Component\\Console\\Output\\ConsoleOutput), Object(ErrorException))
#16 C:\\Users\\user\\Downloads\\perfectwheels\\laravel\\vendor\\laravel\\framework\\src\\Illuminate\\Foundation\\Console\\Kernel.php(133): Illuminate\\Foundation\\Console\\Kernel->renderException(Object(Symfony\\Component\\Console\\Output\\ConsoleOutput), Object(ErrorException))
#17 C:\\Users\\user\\Downloads\\perfectwheels\\laravel\\artisan(37): Illuminate\\Foundation\\Console\\Kernel->handle(Object(Symfony\\Component\\Console\\Input\\ArgvInput), Object(Symfony\\Component\\Console\\Output\\ConsoleOutput))
#18 {main}
"} 
[2021-12-09 02:55:41] local.ERROR: Uncaught ErrorException: include(C:\Users\user\Downloads\perfectwheels\laravel\vendor\composer/../filp/whoops/src/Whoops/Handler/Handler.php): failed to open stream: No such file or directory in C:\Users\user\Downloads\perfectwheels\laravel\vendor\composer\ClassLoader.php:571
Stack trace:
#0 C:\Users\user\Downloads\perfectwheels\laravel\vendor\composer\ClassLoader.php(571): Illuminate\Foundation\Bootstrap\HandleExceptions->handleError(2, 'include(C:\\User...', 'C:\\Users\\user\\D...', 571, Array)
#1 C:\Users\user\Downloads\perfectwheels\laravel\vendor\composer\ClassLoader.php(571): include()
#2 C:\Users\user\Downloads\perfectwheels\laravel\vendor\composer\ClassLoader.php(428): Composer\Autoload\includeFile('C:\\Users\\user\\D...')
#3 [internal function]: Composer\Autoload\ClassLoader->loadClass('Whoops\\Handler\\...')
#4 C:\Users\user\Downloads\perfectwheels\laravel\vendor\nunomaduro\collision\src\Handler.php(17): spl_autoload_call('Whoops\\Handler\\...')
#5 C:\Users\user\Downloads\perfectwheels\laravel\vendo {"exception":"[object] (Symfony\\Component\\ErrorHandler\\Error\\FatalError(code: 0): Uncaught ErrorException: include(C:\\Users\\user\\Downloads\\perfectwheels\\laravel\\vendor\\composer/../filp/whoops/src/Whoops/Handler/Handler.php): failed to open stream: No such file or directory in C:\\Users\\user\\Downloads\\perfectwheels\\laravel\\vendor\\composer\\ClassLoader.php:571
Stack trace:
#0 C:\\Users\\user\\Downloads\\perfectwheels\\laravel\\vendor\\composer\\ClassLoader.php(571): Illuminate\\Foundation\\Bootstrap\\HandleExceptions->handleError(2, 'include(C:\\\\User...', 'C:\\\\Users\\\\user\\\\D...', 571, Array)
#1 C:\\Users\\user\\Downloads\\perfectwheels\\laravel\\vendor\\composer\\ClassLoader.php(571): include()
#2 C:\\Users\\user\\Downloads\\perfectwheels\\laravel\\vendor\\composer\\ClassLoader.php(428): Composer\\Autoload\\includeFile('C:\\\\Users\\\\user\\\\D...')
#3 [internal function]: Composer\\Autoload\\ClassLoader->loadClass('Whoops\\\\Handler\\\\...')
#4 C:\\Users\\user\\Downloads\\perfectwheels\\laravel\\vendor\
unomaduro\\collision\\src\\Handler.php(17): spl_autoload_call('Whoops\\\\Handler\\\\...')
#5 C:\\Users\\user\\Downloads\\perfectwheels\\laravel\\vendo at C:\\Users\\user\\Downloads\\perfectwheels\\laravel\\vendor\\composer\\ClassLoader.php:571)
[stacktrace]
#0 {main}
"} 
